<?xml version="1.0" encoding="UTF-8"?>
<!-- Generated by org.testng.reporters.JUnitReportReporter -->
<testsuite hostname="Revathys-MacBook-Pro.local" name="com.browserstack.run_first_test.FirstTest" tests="1" failures="0" timestamp="22 Mar 2022 10:05:26 GMT" time="37.295" errors="0">
  <testcase name="test" time="37.295" classname="com.browserstack.run_first_test.FirstTest"/>
</testsuite> <!-- com.browserstack.run_first_test.FirstTest -->
